SF:lib/src/config/hijri_config.dart
DA:16,1
DA:18,1
DA:22,2
DA:23,8
DA:24,2
DA:27,0
DA:29,0
DA:30,0
DA:33,0
DA:34,0
DA:35,0
DA:36,0
DA:40,0
DA:41,0
DA:45,2
DA:46,2
DA:47,2
DA:48,2
DA:52,0
DA:53,0
DA:54,0
DA:55,0
DA:56,0
DA:57,0
DA:61,1
DA:62,1
DA:64,5
DA:65,1
DA:66,1
DA:70,2
DA:71,4
DA:72,1
DA:74,4
DA:75,0
DA:78,10
DA:79,0
DA:80,0
DA:85,1
DA:86,2
DA:87,0
DA:89,2
DA:90,0
DA:92,3
DA:93,0
DA:94,0
DA:99,1
DA:100,2
DA:101,3
DA:102,5
DA:103,1
DA:104,3
DA:105,2
DA:106,3
DA:107,4
DA:108,2
DA:109,2
DA:110,1
DA:114,2
DA:115,2
DA:116,2
DA:117,2
DA:119,10
DA:120,10
DA:123,8
DA:127,6
DA:128,2
DA:132,10
DA:135,10
DA:136,0
DA:137,0
DA:138,0
DA:139,0
DA:140,0
DA:142,4
DA:143,0
DA:144,0
DA:145,0
DA:146,0
DA:148,0
DA:152,4
DA:153,8
DA:156,2
DA:157,8
DA:158,2
DA:159,2
DA:161,2
DA:165,2
DA:166,2
DA:167,1
DA:168,1
DA:170,4
DA:171,8
DA:172,8
DA:173,8
DA:174,2
DA:175,2
DA:179,2
DA:180,6
DA:181,6
DA:183,0
DA:186,2
DA:187,6
DA:188,2
DA:191,2
DA:192,2
DA:193,2
DA:207,4
DA:210,2
DA:211,2
DA:212,2
DA:213,2
DA:214,2
DA:215,2
DA:216,2
DA:217,2
DA:218,2
DA:219,2
DA:220,2
DA:221,2
DA:222,2
DA:225,2
DA:226,8
DA:230,2
DA:231,6
DA:232,0
DA:236,2
DA:237,6
DA:238,4
DA:240,2
DA:244,2
DA:245,2
DA:246,8
DA:249,2
DA:251,6
DA:252,6
DA:253,6
DA:256,2
DA:257,2
DA:258,2
DA:262,1
DA:264,1
DA:265,0
DA:268,1
DA:269,8
LF:144
LH:109
end_of_record
SF:lib/src/config/date_functions.dart
DA:19,0
DA:21,0
DA:23,0
DA:28,1
DA:30,4
DA:31,3
LF:6
LH:3
end_of_record
SF:lib/src/hijri_calendar_base.dart
DA:8,1
DA:13,1
DA:14,5
DA:19,1
DA:20,1
DA:22,4
DA:26,5
DA:29,1
DA:30,8
DA:34,0
DA:35,0
LF:11
LH:9
end_of_record
